<?xml version="1.0" encoding="UTF-8"?>
<!-- Generated by org.testng.reporters.JUnitReportReporter -->
<testsuite skipped="0" hostname="SAVITAP" name="seleniumframework.Testnew" tests="1" failures="0" timestamp="2024-07-30T13:48:58 IST" time="0.009" errors="0">
  <testcase name="testThis" time="0.009" classname="seleniumframework.Testnew"/>
  <system-out/>
</testsuite> <!-- seleniumframework.Testnew -->
