<?xml version="1.0" encoding="UTF-8"?>
<!-- Generated by org.testng.reporters.JUnitReportReporter -->
<testsuite skipped="0" hostname="SAVITAP" name="seleniumframework.FinalTestngTest" tests="3" failures="0" timestamp="2024-08-16T17:02:46 IST" time="34.814" errors="0">
  <testcase name="submitOrder" time="16.327" classname="seleniumframework.FinalTestngTest"/>
  <system-out/>
  <testcase name="OrderHistorycheck" time="7.037" classname="seleniumframework.FinalTestngTest"/>
  <system-out/>
  <testcase name="submitOrder" time="11.450" classname="seleniumframework.FinalTestngTest"/>
  <system-out/>
</testsuite> <!-- seleniumframework.FinalTestngTest -->
